#
# There is insufficient memory for the Java Runtime Environment to continue.
# Native memory allocation (mmap) failed to map 65536 bytes for Failed to commit metaspace.
# Possible reasons:
#   The system is out of physical RAM or swap space
#   The process is running with CompressedOops enabled, and the Java Heap may be blocking the growth of the native heap
# Possible solutions:
#   Reduce memory load on the system
#   Increase physical memory or swap space
#   Check if swap backing store is full
#   Decrease Java heap size (-Xmx/-Xms)
#   Decrease number of Java threads
#   Decrease Java thread stack sizes (-Xss)
#   Set larger code cache with -XX:ReservedCodeCacheSize=
#   JVM is running with Unscaled Compressed Oops mode in which the Java heap is
#     placed in the first 4GB address space. The Java Heap base address is the
#     maximum limit for the native heap growth. Please use -XX:HeapBaseMinAddress
#     to set the Java Heap base and to place the Java Heap above 4GB virtual address.
# This output file may be truncated or incomplete.
#
#  Out of Memory Error (virtualSpaceNode.cpp:108), pid=4400, tid=18876
#
# JRE version: OpenJDK Runtime Environment (16.0.2+7) (build 16.0.2+7-67)
# Java VM: OpenJDK 64-Bit Server VM (16.0.2+7-67, mixed mode, sharing, tiered, compressed oops, compressed class ptrs, g1 gc, windows-amd64)
# No core dump will be written. Minidumps are not enabled by default on client versions of Windows
#

---------------  S U M M A R Y ------------

Command Line: -XX:TieredStopAtLevel=1 -Xverify:none -Dspring.output.ansi.enabled=always -javaagent:C:\Program Files\JetBrains\IntelliJ IDEA 2021.1.2\lib\idea_rt.jar=61795:C:\Program Files\JetBrains\IntelliJ IDEA 2021.1.2\bin -Dcom.sun.management.jmxremote -Dspring.jmx.enabled=true -Dspring.liveBeansView.mbeanDomain -Dspring.application.admin.enabled=true -Dfile.encoding=UTF-8 org.aquam.springsecurity2.SpringSecurity2Application

Host: Intel(R) Core(TM) i7-8550U CPU @ 1.80GHz, 8 cores, 7G,  Windows 10 , 64 bit Build 19041 (10.0.19041.1348)
Time: Wed Dec  8 02:30:20 2021  Windows 10 , 64 bit Build 19041 (10.0.19041.1348) elapsed time: 11.233476 seconds (0d 0h 0m 11s)

---------------  T H R E A D  ---------------

Current thread (0x0000024545588b60):  JavaThread "main" [_thread_in_vm, id=18876, stack(0x0000007c9cd00000,0x0000007c9ce00000)]

Stack: [0x0000007c9cd00000,0x0000007c9ce00000]
Native frames: (J=compiled Java code, j=interpreted, Vv=VM code, C=native code)
V  [jvm.dll+0x6681ca]
V  [jvm.dll+0x7c9e69]
V  [jvm.dll+0x7cb61e]
V  [jvm.dll+0x7cbc73]
V  [jvm.dll+0x242c55]
V  [jvm.dll+0x7c64eb]
V  [jvm.dll+0x60ddd6]
V  [jvm.dll+0x1be6ce]
V  [jvm.dll+0x610531]
V  [jvm.dll+0x60e6d1]
V  [jvm.dll+0x618d97]
V  [jvm.dll+0x1e97ef]
V  [jvm.dll+0x1e9d25]
V  [jvm.dll+0x1ea8af]
V  [jvm.dll+0x1df631]
V  [jvm.dll+0x535ff8]
V  [jvm.dll+0x742a71]
V  [jvm.dll+0x40703f]
V  [jvm.dll+0x40d362]
C  [java.dll+0x17c8]

Java frames: (J=compiled Java code, j=interpreted, Vv=VM code)
J 1184  java.lang.ClassLoader.defineClass1(Ljava/lang/ClassLoader;Ljava/lang/String;[BIILjava/security/ProtectionDomain;Ljava/lang/String;)Ljava/lang/Class; java.base@16.0.2 (0 bytes) @ 0x000002454edae88b [0x000002454edae7c0+0x00000000000000cb]
J 1336 c1 java.lang.ClassLoader.defineClass(Ljava/lang/String;[BIILjava/security/ProtectionDomain;)Ljava/lang/Class; java.base@16.0.2 (43 bytes) @ 0x000002454edf375c [0x000002454edf3660+0x00000000000000fc]
J 1215 c1 jdk.internal.loader.BuiltinClassLoader.defineClass(Ljava/lang/String;Ljdk/internal/loader/Resource;)Ljava/lang/Class; java.base@16.0.2 (121 bytes) @ 0x000002454edc1064 [0x000002454edc0ba0+0x00000000000004c4]
J 1205 c1 jdk.internal.loader.BuiltinClassLoader.findClassOnClassPathOrNull(Ljava/lang/String;)Ljava/lang/Class; java.base@16.0.2 (64 bytes) @ 0x000002454edbaedc [0x000002454edbac20+0x00000000000002bc]
J 1001 c1 jdk.internal.loader.BuiltinClassLoader.loadClassOrNull(Ljava/lang/String;Z)Ljava/lang/Class; java.base@16.0.2 (143 bytes) @ 0x000002454ed63414 [0x000002454ed62fa0+0x0000000000000474]
J 1219 c1 jdk.internal.loader.ClassLoaders$AppClassLoader.loadClass(Ljava/lang/String;Z)Ljava/lang/Class; java.base@16.0.2 (40 bytes) @ 0x000002454edc28c4 [0x000002454edc2780+0x0000000000000144]
J 1093 c1 java.lang.ClassLoader.loadClass(Ljava/lang/String;)Ljava/lang/Class; java.base@16.0.2 (7 bytes) @ 0x000002454ed8c984 [0x000002454ed8c940+0x0000000000000044]
v  ~StubRoutines::call_stub
j  org.springframework.web.servlet.mvc.method.RequestMappingInfoHandlerMapping.<clinit>()V+0
v  ~StubRoutines::call_stub
j  org.springframework.web.servlet.config.annotation.WebMvcConfigurationSupport.createRequestMappingHandlerMapping()Lorg/springframework/web/servlet/mvc/method/annotation/RequestMappingHandlerMapping;+0
j  org.springframework.boot.autoconfigure.web.servlet.WebMvcAutoConfiguration$EnableWebMvcConfiguration.createRequestMappingHandlerMapping()Lorg/springframework/web/servlet/mvc/method/annotation/RequestMappingHandlerMapping;+24
j  org.springframework.web.servlet.config.annotation.WebMvcConfigurationSupport.requestMappingHandlerMapping(Lorg/springframework/web/accept/ContentNegotiationManager;Lorg/springframework/format/support/FormattingConversionService;Lorg/springframework/web/servlet/resource/ResourceUrlProvider;)Lorg/springframework/web/servlet/mvc/method/annotation/RequestMappingHandlerMapping;+1
j  org.springframework.boot.autoconfigure.web.servlet.WebMvcAutoConfiguration$EnableWebMvcConfiguration.requestMappingHandlerMapping(Lorg/springframework/web/accept/ContentNegotiationManager;Lorg/springframework/format/support/FormattingConversionService;Lorg/springframework/web/servlet/resource/ResourceUrlProvider;)Lorg/springframework/web/servlet/mvc/method/annotation/RequestMappingHandlerMapping;+4
v  ~StubRoutines::call_stub
J 2392  jdk.internal.reflect.NativeMethodAccessorImpl.invoke0(Ljava/lang/reflect/Method;Ljava/lang/Object;[Ljava/lang/Object;)Ljava/lang/Object; java.base@16.0.2 (0 bytes) @ 0x000002454ef9574f [0x000002454ef956c0+0x000000000000008f]
J 2391 c1 jdk.internal.reflect.NativeMethodAccessorImpl.invoke(Ljava/lang/Object;[Ljava/lang/Object;)Ljava/lang/Object; java.base@16.0.2 (150 bytes) @ 0x000002454ef95fcc [0x000002454ef95c20+0x00000000000003ac]
J 2280 c1 jdk.internal.reflect.DelegatingMethodAccessorImpl.invoke(Ljava/lang/Object;[Ljava/lang/Object;)Ljava/lang/Object; java.base@16.0.2 (10 bytes) @ 0x000002454ef67c04 [0x000002454ef67bc0+0x0000000000000044]
J 2293 c1 java.lang.reflect.Method.invoke(Ljava/lang/Object;[Ljava/lang/Object;)Ljava/lang/Object; java.base@16.0.2 (65 bytes) @ 0x000002454ef6bf64 [0x000002454ef6be60+0x0000000000000104]
j  org.springframework.beans.factory.support.SimpleInstantiationStrategy.instantiate(Lorg/springframework/beans/factory/support/RootBeanDefinition;Ljava/lang/String;Lorg/springframework/beans/factory/BeanFactory;Ljava/lang/Object;Ljava/lang/reflect/Method;[Ljava/lang/Object;)Ljava/lang/Object;+50
j  org.springframework.beans.factory.support.ConstructorResolver.instantiate(Ljava/lang/String;Lorg/springframework/beans/factory/support/RootBeanDefinition;Ljava/lang/Object;Ljava/lang/reflect/Method;[Ljava/lang/Object;)Ljava/lang/Object;+48
j  org.springframework.beans.factory.support.ConstructorResolver.instantiateUsingFactoryMethod(Ljava/lang/String;Lorg/springframework/beans/factory/support/RootBeanDefinition;[Ljava/lang/Object;)Lorg/springframework/beans/BeanWrapper;+1565
j  org.springframework.beans.factory.support.AbstractAutowireCapableBeanFactory.instantiateUsingFactoryMethod(Ljava/lang/String;Lorg/springframework/beans/factory/support/RootBeanDefinition;[Ljava/lang/Object;)Lorg/springframework/beans/BeanWrapper;+11
j  org.springframework.beans.factory.support.AbstractAutowireCapableBeanFactory.createBeanInstance(Ljava/lang/String;Lorg/springframework/beans/factory/support/RootBeanDefinition;[Ljava/lang/Object;)Lorg/springframework/beans/BeanWrapper;+102
j  org.springframework.beans.factory.support.AbstractAutowireCapableBeanFactory.doCreateBean(Ljava/lang/String;Lorg/springframework/beans/factory/support/RootBeanDefinition;[Ljava/lang/Object;)Ljava/lang/Object;+34
j  org.springframework.beans.factory.support.AbstractAutowireCapableBeanFactory.createBean(Ljava/lang/String;Lorg/springframework/beans/factory/support/RootBeanDefinition;[Ljava/lang/Object;)Ljava/lang/Object;+169
j  org.springframework.beans.factory.support.AbstractBeanFactory.lambda$doGetBean$0(Ljava/lang/String;Lorg/springframework/beans/factory/support/RootBeanDefinition;[Ljava/lang/Object;)Ljava/lang/Object;+4
j  org.springframework.beans.factory.support.AbstractBeanFactory$$Lambda$316+0x0000000800dd8d20.getObject()Ljava/lang/Object;+16
j  org.springframework.beans.factory.support.DefaultSingletonBeanRegistry.getSingleton(Ljava/lang/String;Lorg/springframework/beans/factory/ObjectFactory;)Ljava/lang/Object;+132
J 3134 c1 org.springframework.beans.factory.support.AbstractBeanFactory.doGetBean(Ljava/lang/String;Ljava/lang/Class;[Ljava/lang/Object;Z)Ljava/lang/Object; (832 bytes) @ 0x000002454f0c975c [0x000002454f0c91a0+0x00000000000005bc]
J 5087 c1 org.springframework.beans.factory.support.AbstractBeanFactory.getBean(Ljava/lang/String;)Ljava/lang/Object; (9 bytes) @ 0x000002454f3cf30c [0x000002454f3cf2c0+0x000000000000004c]
j  org.springframework.beans.factory.support.DefaultListableBeanFactory.preInstantiateSingletons()V+248
j  org.springframework.context.support.AbstractApplicationContext.finishBeanFactoryInitialization(Lorg/springframework/beans/factory/config/ConfigurableListableBeanFactory;)V+124
j  org.springframework.context.support.AbstractApplicationContext.refresh()V+86
j  org.springframework.boot.web.servlet.context.ServletWebServerApplicationContext.refresh()V+1
j  org.springframework.boot.SpringApplication.refresh(Lorg/springframework/context/ConfigurableApplicationContext;)V+1
j  org.springframework.boot.SpringApplication.refreshContext(Lorg/springframework/context/ConfigurableApplicationContext;)V+16
j  org.springframework.boot.SpringApplication.run([Ljava/lang/String;)Lorg/springframework/context/ConfigurableApplicationContext;+111
j  org.springframework.boot.SpringApplication.run([Ljava/lang/Class;[Ljava/lang/String;)Lorg/springframework/context/ConfigurableApplicationContext;+9
j  org.springframework.boot.SpringApplication.run(Ljava/lang/Class;[Ljava/lang/String;)Lorg/springframework/context/ConfigurableApplicationContext;+9
j  org.aquam.springsecurity2.SpringSecurity2Application.main([Ljava/lang/String;)V+3
v  ~StubRoutines::call_stub

---------------  P R O C E S S  ---------------

Threads class SMR info:
_java_thread_list=0x0000024567eaf810, length=20, elements={
0x0000024545588b60, 0x00000245654f2a60, 0x00000245654f3920, 0x0000024565508a80,
0x0000024565509590, 0x000002456550beb0, 0x000002456550c7c0, 0x000002456550d180,
0x000002456550dad0, 0x0000024565589430, 0x00000245663bd380, 0x00000245663bd8a0,
0x0000024566a6a500, 0x0000024566b6b8a0, 0x0000024566d112e0, 0x0000024566c036b0,
0x000002456606bca0, 0x00000245688c0650, 0x00000245654c80c0, 0x00000245689325d0
}

Java Threads: ( => current thread )
=>0x0000024545588b60 JavaThread "main" [_thread_in_vm, id=18876, stack(0x0000007c9cd00000,0x0000007c9ce00000)]
  0x00000245654f2a60 JavaThread "Reference Handler" daemon [_thread_blocked, id=18248, stack(0x0000007c9d400000,0x0000007c9d500000)]
  0x00000245654f3920 JavaThread "Finalizer" daemon [_thread_blocked, id=2524, stack(0x0000007c9d500000,0x0000007c9d600000)]
  0x0000024565508a80 JavaThread "Signal Dispatcher" daemon [_thread_blocked, id=12292, stack(0x0000007c9d600000,0x0000007c9d700000)]
  0x0000024565509590 JavaThread "Attach Listener" daemon [_thread_blocked, id=9228, stack(0x0000007c9d700000,0x0000007c9d800000)]
  0x000002456550beb0 JavaThread "Service Thread" daemon [_thread_blocked, id=11492, stack(0x0000007c9d800000,0x0000007c9d900000)]
  0x000002456550c7c0 JavaThread "Monitor Deflation Thread" daemon [_thread_blocked, id=5884, stack(0x0000007c9d900000,0x0000007c9da00000)]
  0x000002456550d180 JavaThread "C1 CompilerThread0" daemon [_thread_blocked, id=16764, stack(0x0000007c9da00000,0x0000007c9db00000)]
  0x000002456550dad0 JavaThread "Sweeper thread" daemon [_thread_blocked, id=8820, stack(0x0000007c9db00000,0x0000007c9dc00000)]
  0x0000024565589430 JavaThread "Common-Cleaner" daemon [_thread_blocked, id=11556, stack(0x0000007c9dc00000,0x0000007c9dd00000)]
  0x00000245663bd380 JavaThread "Monitor Ctrl-Break" daemon [_thread_in_native, id=13068, stack(0x0000007c9dd00000,0x0000007c9de00000)]
  0x00000245663bd8a0 JavaThread "Notification Thread" daemon [_thread_blocked, id=2264, stack(0x0000007c9de00000,0x0000007c9df00000)]
  0x0000024566a6a500 JavaThread "RMI TCP Accept-0" daemon [_thread_in_native, id=15792, stack(0x0000007c9df00000,0x0000007c9e000000)]
  0x0000024566b6b8a0 JavaThread "RMI TCP Connection(1)-192.168.100.104" daemon [_thread_in_native, id=17344, stack(0x0000007c9e100000,0x0000007c9e200000)]
  0x0000024566d112e0 JavaThread "RMI Scheduler(0)" daemon [_thread_blocked, id=11352, stack(0x0000007c9e200000,0x0000007c9e300000)]
  0x0000024566c036b0 JavaThread "HikariPool-1 housekeeper" daemon [_thread_blocked, id=3720, stack(0x0000007c9ef00000,0x0000007c9f000000)]
  0x000002456606bca0 JavaThread "HikariPool-1 connection adder" daemon [_thread_blocked, id=16300, stack(0x0000007c9f000000,0x0000007c9f100000)]
  0x00000245688c0650 JavaThread "Catalina-utility-1" [_thread_blocked, id=14836, stack(0x0000007c9f100000,0x0000007c9f200000)]
  0x00000245654c80c0 JavaThread "Catalina-utility-2" [_thread_blocked, id=16160, stack(0x0000007c9f200000,0x0000007c9f300000)]
  0x00000245689325d0 JavaThread "container-0" [_thread_blocked, id=2664, stack(0x0000007c9f300000,0x0000007c9f400000)]

Other Threads:
  0x00000245654ebf10 VMThread "VM Thread" [stack: 0x0000007c9d300000,0x0000007c9d400000] [id=14204]
  0x0000024566a11250 WatcherThread [stack: 0x0000007c9e000000,0x0000007c9e100000] [id=18988]
  0x00000245455c8bf0 GCTaskThread "GC Thread#0" [stack: 0x0000007c9ce00000,0x0000007c9cf00000] [id=9736]
  0x0000024566e09400 GCTaskThread "GC Thread#1" [stack: 0x0000007c9e300000,0x0000007c9e400000] [id=8904]
  0x0000024566e09710 GCTaskThread "GC Thread#2" [stack: 0x0000007c9e400000,0x0000007c9e500000] [id=16360]
  0x0000024566e13580 GCTaskThread "GC Thread#3" [stack: 0x0000007c9e500000,0x0000007c9e600000] [id=844]
  0x0000024566d9e040 GCTaskThread "GC Thread#4" [stack: 0x0000007c9e600000,0x0000007c9e700000] [id=11940]
  0x0000024566d9e350 GCTaskThread "GC Thread#5" [stack: 0x0000007c9e700000,0x0000007c9e800000] [id=16584]
  0x0000024566e4fab0 GCTaskThread "GC Thread#6" [stack: 0x0000007c9e800000,0x0000007c9e900000] [id=18200]
  0x0000024566e50240 GCTaskThread "GC Thread#7" [stack: 0x0000007c9e900000,0x0000007c9ea00000] [id=13712]
  0x00000245455da900 ConcurrentGCThread "G1 Main Marker" [stack: 0x0000007c9cf00000,0x0000007c9d000000] [id=17656]
  0x00000245455dbb10 ConcurrentGCThread "G1 Conc#0" [stack: 0x0000007c9d000000,0x0000007c9d100000] [id=18676]
  0x000002456803aff0 ConcurrentGCThread "G1 Conc#1" [stack: 0x0000007c9ed00000,0x0000007c9ee00000] [id=15680]
  0x0000024545656560 ConcurrentGCThread "G1 Refine#0" [stack: 0x0000007c9d100000,0x0000007c9d200000] [id=1644]
  0x000002456625a5f0 ConcurrentGCThread "G1 Refine#1" [stack: 0x0000007c9ea00000,0x0000007c9eb00000] [id=15820]
  0x000002456625adb0 ConcurrentGCThread "G1 Refine#2" [stack: 0x0000007c9eb00000,0x0000007c9ec00000] [id=1676]
  0x00000245663fc3e0 ConcurrentGCThread "G1 Refine#3" [stack: 0x0000007c9ec00000,0x0000007c9ed00000] [id=19384]
  0x00000245653a01f0 ConcurrentGCThread "G1 Service" [stack: 0x0000007c9d200000,0x0000007c9d300000] [id=2884]

Threads with active compile tasks:

VM state: not at safepoint (normal execution)

VM Mutex/Monitor currently owned by a thread:  ([mutex/lock_event])
[0x00000245455848f0] MetaspaceExpand_lock - owner thread: 0x0000024545588b60

Heap address: 0x0000000081a00000, size: 2022 MB, Compressed Oops mode: 32-bit

CDS archive(s) mapped at: [0x0000000800000000-0x0000000800bb0000-0x0000000800bb0000), size 12255232, SharedBaseAddress: 0x0000000800000000, ArchiveRelocationMode: 0.
Compressed class space mapped at: 0x0000000800c00000-0x0000000840c00000, reserved size: 1073741824
Narrow klass base: 0x0000000800000000, Narrow klass shift: 3, Narrow klass range: 0x100000000

GC Precious Log:
 CPUs: 8 total, 8 available
 Memory: 8083M
 Large Page Support: Disabled
 NUMA Support: Disabled
 Compressed Oops: Enabled (32-bit)
 Heap Region Size: 1M
 Heap Min Capacity: 8M
 Heap Initial Capacity: 128M
 Heap Max Capacity: 2022M
 Pre-touch: Disabled
 Parallel Workers: 8
 Concurrent Workers: 2
 Concurrent Refinement Workers: 8
 Periodic GC: Disabled

Heap:
 garbage-first heap   total 75776K, used 36617K [0x0000000081a00000, 0x0000000100000000)
  region size 1024K, 16 young (16384K), 4 survivors (4096K)
 Metaspace       used 49202K, committed 49600K, reserved 1097728K
  class space    used 6939K, committed 7168K, reserved 1048576K

Heap Regions: E=young(eden), S=young(survivor), O=old, HS=humongous(starts), HC=humongous(continues), CS=collection set, F=free, OA=open archive, CA=closed archive, TAMS=top-at-mark-start (previous, next)
|   0|0x0000000081a00000, 0x0000000081b00000, 0x0000000081b00000|100%|HS|  |TAMS 0x0000000081b00000, 0x0000000081a00000| Complete 
|   1|0x0000000081b00000, 0x0000000081c00000, 0x0000000081c00000|100%| O|  |TAMS 0x0000000081c00000, 0x0000000081b00000| Untracked 
|   2|0x0000000081c00000, 0x0000000081d00000, 0x0000000081d00000|100%| O|  |TAMS 0x0000000081d00000, 0x0000000081c00000| Untracked 
|   3|0x0000000081d00000, 0x0000000081e00000, 0x0000000081e00000|100%| O|  |TAMS 0x0000000081e00000, 0x0000000081d00000| Untracked 
|   4|0x0000000081e00000, 0x0000000081f00000, 0x0000000081f00000|100%| O|  |TAMS 0x0000000081f00000, 0x0000000081e00000| Untracked 
|   5|0x0000000081f00000, 0x0000000082000000, 0x0000000082000000|100%| O|  |TAMS 0x0000000082000000, 0x0000000081f00000| Untracked 
|   6|0x0000000082000000, 0x0000000082100000, 0x0000000082100000|100%| O|  |TAMS 0x0000000082100000, 0x0000000082000000| Untracked 
|   7|0x0000000082100000, 0x00000000821c5800, 0x0000000082200000| 77%| O|  |TAMS 0x00000000821c5800, 0x0000000082100000| Untracked 
|   8|0x0000000082200000, 0x0000000082300000, 0x0000000082300000|100%| O|  |TAMS 0x0000000082300000, 0x0000000082200000| Untracked 
|   9|0x0000000082300000, 0x0000000082400000, 0x0000000082400000|100%| O|  |TAMS 0x0000000082400000, 0x0000000082300000| Untracked 
|  10|0x0000000082400000, 0x0000000082500000, 0x0000000082500000|100%| O|  |TAMS 0x0000000082500000, 0x0000000082400000| Untracked 
|  11|0x0000000082500000, 0x0000000082600000, 0x0000000082600000|100%| O|  |TAMS 0x0000000082600000, 0x0000000082500000| Untracked 
|  12|0x0000000082600000, 0x0000000082700000, 0x0000000082700000|100%| O|  |TAMS 0x0000000082700000, 0x0000000082600000| Untracked 
|  13|0x0000000082700000, 0x0000000082800000, 0x0000000082800000|100%| O|  |TAMS 0x0000000082800000, 0x0000000082700000| Untracked 
|  14|0x0000000082800000, 0x0000000082900000, 0x0000000082900000|100%| O|  |TAMS 0x0000000082900000, 0x0000000082800000| Untracked 
|  15|0x0000000082900000, 0x00000000829a9000, 0x0000000082a00000| 66%| O|  |TAMS 0x00000000829a9000, 0x0000000082900000| Untracked 
|  16|0x0000000082a00000, 0x0000000082b00000, 0x0000000082b00000|100%| O|  |TAMS 0x0000000082a00000, 0x0000000082a00000| Untracked 
|  17|0x0000000082b00000, 0x0000000082c00000, 0x0000000082c00000|100%| O|  |TAMS 0x0000000082b00000, 0x0000000082b00000| Untracked 
|  18|0x0000000082c00000, 0x0000000082d00000, 0x0000000082d00000|100%| O|  |TAMS 0x0000000082c00000, 0x0000000082c00000| Untracked 
|  19|0x0000000082d00000, 0x0000000082e00000, 0x0000000082e00000|100%| O|  |TAMS 0x0000000082d00000, 0x0000000082d00000| Untracked 
|  20|0x0000000082e00000, 0x0000000082f00000, 0x0000000082f00000|100%| O|  |TAMS 0x0000000082e00000, 0x0000000082e00000| Untracked 
|  21|0x0000000082f00000, 0x0000000082f85400, 0x0000000083000000| 52%| O|  |TAMS 0x0000000082f00000, 0x0000000082f00000| Untracked 
|  22|0x0000000083000000, 0x0000000083000000, 0x0000000083100000|  0%| F|  |TAMS 0x0000000083000000, 0x0000000083000000| Untracked 
|  23|0x0000000083100000, 0x0000000083100000, 0x0000000083200000|  0%| F|  |TAMS 0x0000000083100000, 0x0000000083100000| Untracked 
|  24|0x0000000083200000, 0x0000000083200000, 0x0000000083300000|  0%| F|  |TAMS 0x0000000083200000, 0x0000000083200000| Untracked 
|  25|0x0000000083300000, 0x0000000083300000, 0x0000000083400000|  0%| F|  |TAMS 0x0000000083300000, 0x0000000083300000| Untracked 
|  26|0x0000000083400000, 0x0000000083400000, 0x0000000083500000|  0%| F|  |TAMS 0x0000000083400000, 0x0000000083400000| Untracked 
|  27|0x0000000083500000, 0x0000000083500000, 0x0000000083600000|  0%| F|  |TAMS 0x0000000083500000, 0x0000000083500000| Untracked 
|  28|0x0000000083600000, 0x0000000083600000, 0x0000000083700000|  0%| F|  |TAMS 0x0000000083600000, 0x0000000083600000| Untracked 
|  29|0x0000000083700000, 0x0000000083700000, 0x0000000083800000|  0%| F|  |TAMS 0x0000000083700000, 0x0000000083700000| Untracked 
|  30|0x0000000083800000, 0x0000000083800000, 0x0000000083900000|  0%| F|  |TAMS 0x0000000083800000, 0x0000000083800000| Untracked 
|  31|0x0000000083900000, 0x0000000083900000, 0x0000000083a00000|  0%| F|  |TAMS 0x0000000083900000, 0x0000000083900000| Untracked 
|  32|0x0000000083a00000, 0x0000000083a00000, 0x0000000083b00000|  0%| F|  |TAMS 0x0000000083a00000, 0x0000000083a00000| Untracked 
|  33|0x0000000083b00000, 0x0000000083bce900, 0x0000000083c00000| 80%| S|CS|TAMS 0x0000000083b00000, 0x0000000083b00000| Complete 
|  34|0x0000000083c00000, 0x0000000083d00000, 0x0000000083d00000|100%| S|CS|TAMS 0x0000000083c00000, 0x0000000083c00000| Complete 
|  35|0x0000000083d00000, 0x0000000083d00000, 0x0000000083e00000|  0%| F|  |TAMS 0x0000000083d00000, 0x0000000083d00000| Untracked 
|  36|0x0000000083e00000, 0x0000000083e00000, 0x0000000083f00000|  0%| F|  |TAMS 0x0000000083e00000, 0x0000000083e00000| Untracked 
|  37|0x0000000083f00000, 0x0000000083f00000, 0x0000000084000000|  0%| F|  |TAMS 0x0000000083f00000, 0x0000000083f00000| Untracked 
|  38|0x0000000084000000, 0x0000000084000000, 0x0000000084100000|  0%| F|  |TAMS 0x0000000084000000, 0x0000000084000000| Untracked 
|  39|0x0000000084100000, 0x0000000084100000, 0x0000000084200000|  0%| F|  |TAMS 0x0000000084100000, 0x0000000084100000| Untracked 
|  40|0x0000000084200000, 0x0000000084300000, 0x0000000084300000|100%| S|CS|TAMS 0x0000000084200000, 0x0000000084200000| Complete 
|  41|0x0000000084300000, 0x0000000084400000, 0x0000000084400000|100%| S|CS|TAMS 0x0000000084300000, 0x0000000084300000| Complete 
|  42|0x0000000084400000, 0x0000000084400000, 0x0000000084500000|  0%| F|  |TAMS 0x0000000084400000, 0x0000000084400000| Untracked 
|  43|0x0000000084500000, 0x0000000084500000, 0x0000000084600000|  0%| F|  |TAMS 0x0000000084500000, 0x0000000084500000| Untracked 
|  44|0x0000000084600000, 0x0000000084600000, 0x0000000084700000|  0%| F|  |TAMS 0x0000000084600000, 0x0000000084600000| Untracked 
|  45|0x0000000084700000, 0x0000000084700000, 0x0000000084800000|  0%| F|  |TAMS 0x0000000084700000, 0x0000000084700000| Untracked 
|  46|0x0000000084800000, 0x0000000084800000, 0x0000000084900000|  0%| F|  |TAMS 0x0000000084800000, 0x0000000084800000| Untracked 
|  47|0x0000000084900000, 0x0000000084900000, 0x0000000084a00000|  0%| F|  |TAMS 0x0000000084900000, 0x0000000084900000| Untracked 
|  48|0x0000000084a00000, 0x0000000084a00000, 0x0000000084b00000|  0%| F|  |TAMS 0x0000000084a00000, 0x0000000084a00000| Untracked 
|  49|0x0000000084b00000, 0x0000000084b00000, 0x0000000084c00000|  0%| F|  |TAMS 0x0000000084b00000, 0x0000000084b00000| Untracked 
|  50|0x0000000084c00000, 0x0000000084c00000, 0x0000000084d00000|  0%| F|  |TAMS 0x0000000084c00000, 0x0000000084c00000| Untracked 
|  51|0x0000000084d00000, 0x0000000084d00000, 0x0000000084e00000|  0%| F|  |TAMS 0x0000000084d00000, 0x0000000084d00000| Untracked 
|  52|0x0000000084e00000, 0x0000000084e00000, 0x0000000084f00000|  0%| F|  |TAMS 0x0000000084e00000, 0x0000000084e00000| Untracked 
|  53|0x0000000084f00000, 0x0000000084f00000, 0x0000000085000000|  0%| F|  |TAMS 0x0000000084f00000, 0x0000000084f00000| Untracked 
|  54|0x0000000085000000, 0x0000000085000000, 0x0000000085100000|  0%| F|  |TAMS 0x0000000085000000, 0x0000000085000000| Untracked 
|  55|0x0000000085100000, 0x0000000085100000, 0x0000000085200000|  0%| F|  |TAMS 0x0000000085100000, 0x0000000085100000| Untracked 
|  56|0x0000000085200000, 0x0000000085200000, 0x0000000085300000|  0%| F|  |TAMS 0x0000000085200000, 0x0000000085200000| Untracked 
|  57|0x0000000085300000, 0x0000000085300000, 0x0000000085400000|  0%| F|  |TAMS 0x0000000085300000, 0x0000000085300000| Untracked 
|  58|0x0000000085400000, 0x0000000085400000, 0x0000000085500000|  0%| F|  |TAMS 0x0000000085400000, 0x0000000085400000| Untracked 
|  59|0x0000000085500000, 0x0000000085500000, 0x0000000085600000|  0%| F|  |TAMS 0x0000000085500000, 0x0000000085500000| Untracked 
|  60|0x0000000085600000, 0x0000000085600000, 0x0000000085700000|  0%| F|  |TAMS 0x0000000085600000, 0x0000000085600000| Untracked 
|  61|0x0000000085700000, 0x0000000085700000, 0x0000000085800000|  0%| F|  |TAMS 0x0000000085700000, 0x0000000085700000| Untracked 
|  62|0x0000000085800000, 0x0000000085900000, 0x0000000085900000|100%| E|  |TAMS 0x0000000085800000, 0x0000000085800000| Complete 
|  63|0x0000000085900000, 0x0000000085a00000, 0x0000000085a00000|100%| E|CS|TAMS 0x0000000085900000, 0x0000000085900000| Complete 
|  64|0x0000000085a00000, 0x0000000085b00000, 0x0000000085b00000|100%| E|CS|TAMS 0x0000000085a00000, 0x0000000085a00000| Complete 
|  65|0x0000000085b00000, 0x0000000085c00000, 0x0000000085c00000|100%| E|CS|TAMS 0x0000000085b00000, 0x0000000085b00000| Complete 
|  66|0x0000000085c00000, 0x0000000085d00000, 0x0000000085d00000|100%| E|CS|TAMS 0x0000000085c00000, 0x0000000085c00000| Complete 
|  67|0x0000000085d00000, 0x0000000085e00000, 0x0000000085e00000|100%| E|CS|TAMS 0x0000000085d00000, 0x0000000085d00000| Complete 
|  68|0x0000000085e00000, 0x0000000085f00000, 0x0000000085f00000|100%| E|CS|TAMS 0x0000000085e00000, 0x0000000085e00000| Complete 
|  69|0x0000000085f00000, 0x0000000086000000, 0x0000000086000000|100%| E|CS|TAMS 0x0000000085f00000, 0x0000000085f00000| Complete 
|  70|0x0000000086000000, 0x0000000086100000, 0x0000000086100000|100%| E|CS|TAMS 0x0000000086000000, 0x0000000086000000| Complete 
|  71|0x0000000086100000, 0x0000000086200000, 0x0000000086200000|100%| E|CS|TAMS 0x0000000086100000, 0x0000000086100000| Complete 
|  77|0x0000000086700000, 0x0000000086800000, 0x0000000086800000|100%| E|CS|TAMS 0x0000000086700000, 0x0000000086700000| Complete 
| 127|0x0000000089900000, 0x0000000089a00000, 0x0000000089a00000|100%| E|CS|TAMS 0x0000000089900000, 0x0000000089900000| Complete 

Card table byte_map: [0x000002455e330000,0x000002455e730000] _byte_map_base: 0x000002455df23000

Marking Bits (Prev, Next): (CMBitMap*) 0x00000245455ca270, (CMBitMap*) 0x00000245455ca2b0
 Prev Bits: [0x000002455eb30000, 0x0000024560ac8000)
 Next Bits: [0x0000024560ad0000, 0x0000024562a68000)

Polling page: 0x0000024545660000

Metaspace:

Usage:
  Non-class:     41.27 MB used.
      Class:      6.78 MB used.
       Both:     48.05 MB used.

Virtual space:
  Non-class space:       48.00 MB reserved,      41.44 MB ( 86%) committed,  6 nodes.
      Class space:        1.00 GB reserved,       7.00 MB ( <1%) committed,  1 nodes.
              Both:        1.05 GB reserved,      48.44 MB (  5%) committed. 

Chunk freelists:
   Non-Class:  1.86 MB
       Class:  1007.00 KB
        Both:  2.84 MB

MaxMetaspaceSize: 17179869184.00 GB
CompressedClassSpaceSize: 1.00 GB
 - commit_granule_bytes: 65536.
 - commit_granule_words: 8192.
 - virtual_space_node_default_size: 1048576.
 - enlarge_chunks_in_place: 1.
 - new_chunks_are_fully_committed: 0.
 - uncommit_free_chunks: 1.
 - use_allocation_guard: 0.
 - handle_deallocations: 1.


Internal statistics:

num_allocs_failed_limit: 6.
num_arena_births: 532.
num_arena_deaths: 0.
num_vsnodes_births: 7.
num_vsnodes_deaths: 0.
num_space_committed: 775.
num_space_uncommitted: 0.
num_chunks_returned_to_freelist: 6.
num_chunks_taken_from_freelist: 2340.
num_chunk_merges: 6.
num_chunk_splits: 1648.
num_chunks_enlarged: 1262.
num_purges: 0.

CodeHeap 'non-profiled nmethods': size=238336Kb used=8010Kb max_used=8010Kb free=230325Kb
 bounds [0x000002454ec10000, 0x000002454f3f0000, 0x000002455d4d0000]
CodeHeap 'non-nmethods': size=7424Kb used=1284Kb max_used=1284Kb free=6140Kb
 bounds [0x000002454e4d0000, 0x000002454e740000, 0x000002454ec10000]
 total_blobs=5739 nmethods=5134 adapters=532
 compilation: enabled
              stopped_count=0, restarted_count=0
 full_count=0

Compilation events (20 events):
Event: 11.207 Thread 0x000002456550d180 5127       1       java.rmi.server.UID::equals (54 bytes)
Event: 11.207 Thread 0x000002456550d180 nmethod 5127 0x000002454f3df910 code [0x000002454f3dfac0, 0x000002454f3dfc98]
Event: 11.207 Thread 0x000002456550d180 5126       1       java.rmi.server.ObjID::equals (46 bytes)
Event: 11.208 Thread 0x000002456550d180 nmethod 5126 0x000002454f3dfd90 code [0x000002454f3dff40, 0x000002454f3e0128]
Event: 11.208 Thread 0x000002456550d180 5130       1       java.io.ObjectOutputStream::writeTypeString (40 bytes)
Event: 11.208 Thread 0x000002456550d180 nmethod 5130 0x000002454f3e0210 code [0x000002454f3e0400, 0x000002454f3e0608]
Event: 11.208 Thread 0x000002456550d180 5128       1       java.util.concurrent.TimeUnit::toNanos (45 bytes)
Event: 11.209 Thread 0x000002456550d180 nmethod 5128 0x000002454f3e0790 code [0x000002454f3e0940, 0x000002454f3e0ad8]
Event: 11.209 Thread 0x000002456550d180 5129   !   1       java.security.AccessController::doPrivileged (26 bytes)
Event: 11.209 Thread 0x000002456550d180 nmethod 5129 0x000002454f3e0b90 code [0x000002454f3e0d60, 0x000002454f3e0f88]
Event: 11.209 Thread 0x000002456550d180 5125       1       java.lang.ClassLoader::getSystemClassLoader (96 bytes)
Event: 11.210 Thread 0x000002456550d180 nmethod 5125 0x000002454f3e1110 code [0x000002454f3e1300, 0x000002454f3e1608]
Event: 11.218 Thread 0x000002456550d180 5131       1       org.springframework.beans.factory.config.BeanDefinitionHolder::getBeanName (5 bytes)
Event: 11.219 Thread 0x000002456550d180 nmethod 5131 0x000002454f3e1810 code [0x000002454f3e19a0, 0x000002454f3e1a78]
Event: 11.219 Thread 0x000002456550d180 5132       1       org.springframework.core.io.ResourceEditor::<init> (8 bytes)
Event: 11.220 Thread 0x000002456550d180 nmethod 5132 0x000002454f3e1b10 code [0x000002454f3e1cc0, 0x000002454f3e1f88]
Event: 11.220 Thread 0x000002456550d180 5133       1       org.springframework.core.io.ResourceEditor::<init> (26 bytes)
Event: 11.220 Thread 0x000002456550d180 nmethod 5133 0x000002454f3e2090 code [0x000002454f3e2240, 0x000002454f3e2508]
Event: 11.225 Thread 0x000002456550d180 5134       1       org.springframework.core.annotation.AnnotatedElementUtils$AnnotatedElementForAnnotations::getDeclaredAnnotations (11 bytes)
Event: 11.225 Thread 0x000002456550d180 nmethod 5134 0x000002454f3e2610 code [0x000002454f3e27c0, 0x000002454f3e2908]

GC Heap History (20 events):
Event: 3.238 GC heap before
{Heap before GC invocations=2 (full 0):
 garbage-first heap   total 131072K, used 55701K [0x0000000081a00000, 0x0000000100000000)
  region size 1024K, 48 young (49152K), 2 survivors (2048K)
 Metaspace       used 17872K, committed 18176K, reserved 1064960K
  class space    used 2396K, committed 2560K, reserved 1048576K
}
Event: 3.244 GC heap after
{Heap after GC invocations=3 (full 0):
 garbage-first heap   total 131072K, used 11520K [0x0000000081a00000, 0x0000000100000000)
  region size 1024K, 4 young (4096K), 4 survivors (4096K)
 Metaspace       used 17872K, committed 18176K, reserved 1064960K
  class space    used 2396K, committed 2560K, reserved 1048576K
}
Event: 4.235 GC heap before
{Heap before GC invocations=3 (full 0):
 garbage-first heap   total 131072K, used 65792K [0x0000000081a00000, 0x0000000100000000)
  region size 1024K, 59 young (60416K), 4 survivors (4096K)
 Metaspace       used 20912K, committed 21248K, reserved 1073152K
  class space    used 2837K, committed 3008K, reserved 1048576K
}
Event: 4.247 GC heap after
{Heap after GC invocations=4 (full 0):
 garbage-first heap   total 131072K, used 13221K [0x0000000081a00000, 0x0000000100000000)
  region size 1024K, 6 young (6144K), 6 survivors (6144K)
 Metaspace       used 20912K, committed 21248K, reserved 1073152K
  class space    used 2837K, committed 3008K, reserved 1048576K
}
Event: 5.783 GC heap before
{Heap before GC invocations=5 (full 0):
 garbage-first heap   total 51200K, used 50085K [0x0000000081a00000, 0x0000000100000000)
  region size 1024K, 42 young (43008K), 6 survivors (6144K)
 Metaspace       used 25473K, committed 25792K, reserved 1073152K
  class space    used 3592K, committed 3712K, reserved 1048576K
}
Event: 5.795 GC heap after
{Heap after GC invocations=6 (full 0):
 garbage-first heap   total 59392K, used 16150K [0x0000000081a00000, 0x0000000100000000)
  region size 1024K, 8 young (8192K), 8 survivors (8192K)
 Metaspace       used 25473K, committed 25792K, reserved 1073152K
  class space    used 3592K, committed 3712K, reserved 1048576K
}
Event: 5.992 GC heap before
{Heap before GC invocations=6 (full 0):
 garbage-first heap   total 59392K, used 41750K [0x0000000081a00000, 0x0000000100000000)
  region size 1024K, 34 young (34816K), 8 survivors (8192K)
 Metaspace       used 27104K, committed 27456K, reserved 1073152K
  class space    used 3743K, committed 3904K, reserved 1048576K
}
Event: 6.014 GC heap after
{Heap after GC invocations=7 (full 0):
 garbage-first heap   total 59392K, used 17338K [0x0000000081a00000, 0x0000000100000000)
  region size 1024K, 2 young (2048K), 2 survivors (2048K)
 Metaspace       used 27104K, committed 27456K, reserved 1073152K
  class space    used 3743K, committed 3904K, reserved 1048576K
}
Event: 6.171 GC heap before
{Heap before GC invocations=7 (full 0):
 garbage-first heap   total 59392K, used 41914K [0x0000000081a00000, 0x0000000100000000)
  region size 1024K, 27 young (27648K), 2 survivors (2048K)
 Metaspace       used 27592K, committed 27968K, reserved 1073152K
  class space    used 3805K, committed 3968K, reserved 1048576K
}
Event: 6.176 GC heap after
{Heap after GC invocations=8 (full 0):
 garbage-first heap   total 59392K, used 16731K [0x0000000081a00000, 0x0000000100000000)
  region size 1024K, 1 young (1024K), 1 survivors (1024K)
 Metaspace       used 27592K, committed 27968K, reserved 1073152K
  class space    used 3805K, committed 3968K, reserved 1048576K
}
Event: 6.904 GC heap before
{Heap before GC invocations=8 (full 0):
 garbage-first heap   total 59392K, used 44379K [0x0000000081a00000, 0x0000000100000000)
  region size 1024K, 28 young (28672K), 1 survivors (1024K)
 Metaspace       used 32907K, committed 33344K, reserved 1081344K
  class space    used 4630K, committed 4864K, reserved 1048576K
}
Event: 6.918 GC heap after
{Heap after GC invocations=9 (full 0):
 garbage-first heap   total 80896K, used 18463K [0x0000000081a00000, 0x0000000100000000)
  region size 1024K, 3 young (3072K), 3 survivors (3072K)
 Metaspace       used 32907K, committed 33344K, reserved 1081344K
  class space    used 4630K, committed 4864K, reserved 1048576K
}
Event: 7.338 GC heap before
{Heap before GC invocations=9 (full 0):
 garbage-first heap   total 80896K, used 27679K [0x0000000081a00000, 0x0000000100000000)
  region size 1024K, 13 young (13312K), 3 survivors (3072K)
 Metaspace       used 35214K, committed 35520K, reserved 1081344K
  class space    used 4866K, committed 4992K, reserved 1048576K
}
Event: 7.351 GC heap after
{Heap after GC invocations=10 (full 0):
 garbage-first heap   total 80896K, used 19516K [0x0000000081a00000, 0x0000000100000000)
  region size 1024K, 4 young (4096K), 4 survivors (4096K)
 Metaspace       used 35214K, committed 35520K, reserved 1081344K
  class space    used 4866K, committed 4992K, reserved 1048576K
}
Event: 8.948 GC heap before
{Heap before GC invocations=11 (full 0):
 garbage-first heap   total 75776K, used 58428K [0x0000000081a00000, 0x0000000100000000)
  region size 1024K, 42 young (43008K), 4 survivors (4096K)
 Metaspace       used 42892K, committed 43264K, reserved 1089536K
  class space    used 6045K, committed 6272K, reserved 1048576K
}
Event: 8.969 GC heap after
{Heap after GC invocations=12 (full 0):
 garbage-first heap   total 75776K, used 21574K [0x0000000081a00000, 0x0000000100000000)
  region size 1024K, 5 young (5120K), 5 survivors (5120K)
 Metaspace       used 42892K, committed 43264K, reserved 1089536K
  class space    used 6045K, committed 6272K, reserved 1048576K
}
Event: 9.972 GC heap before
{Heap before GC invocations=12 (full 0):
 garbage-first heap   total 75776K, used 56390K [0x0000000081a00000, 0x0000000100000000)
  region size 1024K, 39 young (39936K), 5 survivors (5120K)
 Metaspace       used 46204K, committed 46592K, reserved 1089536K
  class space    used 6504K, committed 6720K, reserved 1048576K
}
Event: 9.995 GC heap after
{Heap after GC invocations=13 (full 0):
 garbage-first heap   total 75776K, used 23812K [0x0000000081a00000, 0x0000000100000000)
  region size 1024K, 5 young (5120K), 5 survivors (5120K)
 Metaspace       used 46204K, committed 46592K, reserved 1089536K
  class space    used 6504K, committed 6720K, reserved 1048576K
}
Event: 10.877 GC heap before
{Heap before GC invocations=13 (full 0):
 garbage-first heap   total 75776K, used 56580K [0x0000000081a00000, 0x0000000100000000)
  region size 1024K, 37 young (37888K), 5 survivors (5120K)
 Metaspace       used 48055K, committed 48448K, reserved 1097728K
  class space    used 6786K, committed 6976K, reserved 1048576K
}
Event: 10.884 GC heap after
{Heap after GC invocations=14 (full 0):
 garbage-first heap   total 75776K, used 25353K [0x0000000081a00000, 0x0000000100000000)
  region size 1024K, 4 young (4096K), 4 survivors (4096K)
 Metaspace       used 48055K, committed 48448K, reserved 1097728K
  class space    used 6786K, committed 6976K, reserved 1048576K
}

Deoptimization events (4 events):
Event: 4.489 Thread 0x0000024545588b60 DEOPT PACKING pc=0x000002454ef19154 sp=0x0000007c9cdfd730
Event: 4.489 Thread 0x0000024545588b60 DEOPT UNPACKING pc=0x000002454e51dece sp=0x0000007c9cdfcc88 mode 0
Event: 9.954 Thread 0x0000024545588b60 DEOPT PACKING pc=0x000002454eec6c72 sp=0x0000007c9cdfa380
Event: 9.954 Thread 0x0000024545588b60 DEOPT UNPACKING pc=0x000002454e51dece sp=0x0000007c9cdf9888 mode 3

Classes unloaded (0 events):
No events

Classes redefined (0 events):
No events

Internal exceptions (20 events):
Event: 9.922 Thread 0x0000024545588b60 Exception <a 'java/lang/ClassNotFoundException'{0x00000000843ae358}: org/springframework/context/ApplicationContextAwareCustomizer> (0x00000000843ae358) 
thrown [t:\workspace\open\src\hotspot\share\classfile\systemDictionary.cpp, line 256]
Event: 9.923 Thread 0x0000024545588b60 Exception <a 'java/lang/ClassNotFoundException'{0x00000000843b6620}: org/springframework/beans/factory/AwareCustomizer> (0x00000000843b6620) 
thrown [t:\workspace\open\src\hotspot\share\classfile\systemDictionary.cpp, line 256]
Event: 9.925 Thread 0x0000024545588b60 Exception <a 'java/lang/ClassNotFoundException'{0x00000000843bd1e0}: org/springframework/web/context/ServletContextAwareCustomizer> (0x00000000843bd1e0) 
thrown [t:\workspace\open\src\hotspot\share\classfile\systemDictionary.cpp, line 256]
Event: 9.927 Thread 0x0000024545588b60 Exception <a 'java/lang/ClassNotFoundException'{0x00000000843c4d30}: org/springframework/beans/factory/AwareCustomizer> (0x00000000843c4d30) 
thrown [t:\workspace\open\src\hotspot\share\classfile\systemDictionary.cpp, line 256]
Event: 10.131 Thread 0x0000024545588b60 Exception <a 'java/io/FileNotFoundException'{0x00000000860fa530}> (0x00000000860fa530) 
thrown [t:\workspace\open\src\hotspot\share\prims\jni.cpp, line 579]
Event: 10.237 Thread 0x0000024545588b60 Exception <a 'java/lang/ClassNotFoundException'{0x0000000085ae3328}: java/lang/ObjectCustomizer> (0x0000000085ae3328) 
thrown [t:\workspace\open\src\hotspot\share\classfile\systemDictionary.cpp, line 256]
Event: 10.238 Thread 0x0000024545588b60 Exception <a 'java/lang/ClassNotFoundException'{0x0000000085aea7a8}: org/aquam/springsecurity2/models/FeedbackCustomizer> (0x0000000085aea7a8) 
thrown [t:\workspace\open\src\hotspot\share\classfile\systemDictionary.cpp, line 256]
Event: 10.280 Thread 0x0000024545588b60 Exception <a 'java/lang/reflect/InvocationTargetException'{0x0000000085508920}> (0x0000000085508920) 
thrown [t:\workspace\open\src\hotspot\share\runtime\reflection.cpp, line 1157]
Event: 10.380 Thread 0x0000024545588b60 Exception <a 'java/lang/reflect/InvocationTargetException'{0x0000000085079850}> (0x0000000085079850) 
thrown [t:\workspace\open\src\hotspot\share\runtime\reflection.cpp, line 1157]
Event: 10.442 Thread 0x0000024545588b60 Exception <a 'java/lang/ClassNotFoundException'{0x0000000084e4eb28}: java/lang/ObjectCustomizer> (0x0000000084e4eb28) 
thrown [t:\workspace\open\src\hotspot\share\classfile\systemDictionary.cpp, line 256]
Event: 10.443 Thread 0x0000024545588b60 Exception <a 'java/lang/ClassNotFoundException'{0x0000000084e560f0}: org/springframework/security/config/annotation/web/configuration/WebSecurityConfigurationCustomizer> (0x0000000084e560f0) 
thrown [t:\workspace\open\src\hotspot\share\classfile\systemDictionary.cpp, line 256]
Event: 10.445 Thread 0x0000024545588b60 Exception <a 'java/lang/ClassNotFoundException'{0x0000000084e64550}: org/springframework/context/annotation/ImportAwareCustomizer> (0x0000000084e64550) 
thrown [t:\workspace\open\src\hotspot\share\classfile\systemDictionary.cpp, line 256]
Event: 10.447 Thread 0x0000024545588b60 Exception <a 'java/lang/ClassNotFoundException'{0x0000000084e68ac0}: org/springframework/beans/factory/AwareCustomizer> (0x0000000084e68ac0) 
thrown [t:\workspace\open\src\hotspot\share\classfile\systemDictionary.cpp, line 256]
Event: 10.448 Thread 0x0000024545588b60 Exception <a 'java/lang/ClassNotFoundException'{0x0000000084e6c450}: org/springframework/beans/factory/BeanClassLoaderAwareCustomizer> (0x0000000084e6c450) 
thrown [t:\workspace\open\src\hotspot\share\classfile\systemDictionary.cpp, line 256]
Event: 10.449 Thread 0x0000024545588b60 Exception <a 'java/lang/ClassNotFoundException'{0x0000000084e709d0}: org/springframework/beans/factory/AwareCustomizer> (0x0000000084e709d0) 
thrown [t:\workspace\open\src\hotspot\share\classfile\systemDictionary.cpp, line 256]
Event: 10.801 Thread 0x0000024545588b60 Exception <a 'java/lang/ClassNotFoundException'{0x000000008456c008}: java/lang/ObjectCustomizer> (0x000000008456c008) 
thrown [t:\workspace\open\src\hotspot\share\classfile\systemDictionary.cpp, line 256]
Event: 10.802 Thread 0x0000024545588b60 Exception <a 'java/lang/ClassNotFoundException'{0x00000000845735d0}: org/springframework/security/config/annotation/web/configuration/HttpSecurityConfigurationCustomizer> (0x00000000845735d0) 
thrown [t:\workspace\open\src\hotspot\share\classfile\systemDictionary.cpp, line 256]
Event: 10.846 Thread 0x0000024545588b60 Exception <a 'java/lang/NoSuchMethodError'{0x0000000084454418}: 'java.lang.Object java.lang.invoke.DirectMethodHandle$Holder.invokeInterface(java.lang.Object, java.lang.Object, java.lang.Object, java.lang.Object)'> (0x0000000084454418) 
thrown [t:\workspace\open\src\hotspot\share\interpreter\linkResolver.cpp, line 790]
Event: 11.154 Thread 0x0000024545588b60 Exception <a 'java/lang/NoSuchMethodError'{0x0000000085b74838}: 'void java.lang.invoke.DirectMethodHandle$Holder.invokeVirtual(java.lang.Object, java.lang.Object, int)'> (0x0000000085b74838) 
thrown [t:\workspace\open\src\hotspot\share\interpreter\linkResolver.cpp, line 790]
Event: 11.156 Thread 0x0000024545588b60 Exception <a 'java/lang/NoSuchMethodError'{0x0000000085b8ffe8}: 'void java.lang.invoke.DirectMethodHandle$Holder.invokeVirtual(java.lang.Object, java.lang.Object, long)'> (0x0000000085b8ffe8) 
thrown [t:\workspace\open\src\hotspot\share\interpreter\linkResolver.cpp, line 790]

Events (20 events):
Event: 10.877 Executing  VM operation: G1CollectForAllocation
Event: 10.884 Executing  VM operation: G1CollectForAllocation done
Event: 10.952 loading class java/util/concurrent/Flow$Publisher
Event: 10.952 loading class java/util/concurrent/Flow$Publisher done
Event: 10.980 Executing  VM operation: HandshakeAllThreads
Event: 10.980 Executing  VM operation: HandshakeAllThreads done
Event: 11.004 loading class java/util/EnumMap$EntrySet
Event: 11.004 loading class java/util/EnumMap$EntrySet done
Event: 11.004 loading class java/util/EnumMap$EntryIterator
Event: 11.004 loading class java/util/EnumMap$EnumMapIterator
Event: 11.004 loading class java/util/EnumMap$EnumMapIterator done
Event: 11.004 loading class java/util/EnumMap$EntryIterator done
Event: 11.204 Thread 0x0000024568933070 Thread added: 0x0000024568933070
Event: 11.211 Thread 0x0000024568933070 Thread exited: 0x0000024568933070
Event: 11.222 loading class java/util/stream/ReduceOps$5
Event: 11.222 loading class java/util/stream/ReduceOps$5 done
Event: 11.222 loading class java/util/stream/ReduceOps$CountingSink$OfRef
Event: 11.222 loading class java/util/stream/ReduceOps$CountingSink
Event: 11.223 loading class java/util/stream/ReduceOps$CountingSink done
Event: 11.223 loading class java/util/stream/ReduceOps$CountingSink$OfRef done


Dynamic libraries:
0x00007ff69a2e0000 - 0x00007ff69a2ee000 	C:\Users\aquam\.jdks\openjdk-16.0.2\bin\java.exe
0x00007ff88c270000 - 0x00007ff88c465000 	C:\WINDOWS\SYSTEM32\ntdll.dll
0x00007ff88b3b0000 - 0x00007ff88b46e000 	C:\WINDOWS\System32\KERNEL32.DLL
0x00007ff889c50000 - 0x00007ff889f18000 	C:\WINDOWS\System32\KERNELBASE.dll
0x00007ff889990000 - 0x00007ff889a90000 	C:\WINDOWS\System32\ucrtbase.dll
0x00007ff883c20000 - 0x00007ff883c38000 	C:\Users\aquam\.jdks\openjdk-16.0.2\bin\jli.dll
0x00007ff8847a0000 - 0x00007ff8847b9000 	C:\Users\aquam\.jdks\openjdk-16.0.2\bin\VCRUNTIME140.dll
0x00007ff88a590000 - 0x00007ff88a731000 	C:\WINDOWS\System32\USER32.dll
0x00007ff86e580000 - 0x00007ff86e81a000 	C:\WINDOWS\WinSxS\amd64_microsoft.windows.common-controls_6595b64144ccf1df_6.0.19041.1110_none_60b5254171f9507e\COMCTL32.dll
0x00007ff889a90000 - 0x00007ff889ab2000 	C:\WINDOWS\System32\win32u.dll
0x00007ff88c1d0000 - 0x00007ff88c1fb000 	C:\WINDOWS\System32\GDI32.dll
0x00007ff88a800000 - 0x00007ff88a89e000 	C:\WINDOWS\System32\msvcrt.dll
0x00007ff889fa0000 - 0x00007ff88a0ab000 	C:\WINDOWS\System32\gdi32full.dll
0x00007ff889ac0000 - 0x00007ff889b5d000 	C:\WINDOWS\System32\msvcp_win.dll
0x00007ff88c200000 - 0x00007ff88c230000 	C:\WINDOWS\System32\IMM32.DLL
0x00007ff884e10000 - 0x00007ff884e1c000 	C:\Users\aquam\.jdks\openjdk-16.0.2\bin\vcruntime140_1.dll
0x00007ff8615c0000 - 0x00007ff861651000 	C:\Users\aquam\.jdks\openjdk-16.0.2\bin\msvcp140.dll
0x00007ff860a10000 - 0x00007ff8615bb000 	C:\Users\aquam\.jdks\openjdk-16.0.2\bin\server\jvm.dll
0x00007ff88b160000 - 0x00007ff88b20c000 	C:\WINDOWS\System32\ADVAPI32.dll
0x00007ff88a980000 - 0x00007ff88aa1b000 	C:\WINDOWS\System32\sechost.dll
0x00007ff88bb40000 - 0x00007ff88bc6a000 	C:\WINDOWS\System32\RPCRT4.dll
0x00007ff88bdb0000 - 0x00007ff88bdb8000 	C:\WINDOWS\System32\PSAPI.DLL
0x00007ff86e950000 - 0x00007ff86e959000 	C:\WINDOWS\SYSTEM32\WSOCK32.dll
0x00007ff870bf0000 - 0x00007ff870c17000 	C:\WINDOWS\SYSTEM32\WINMM.dll
0x00007ff87c950000 - 0x00007ff87c95a000 	C:\WINDOWS\SYSTEM32\VERSION.dll
0x00007ff88b340000 - 0x00007ff88b3ab000 	C:\WINDOWS\System32\WS2_32.dll
0x00007ff888240000 - 0x00007ff888252000 	C:\WINDOWS\SYSTEM32\kernel.appcore.dll
0x00007ff884df0000 - 0x00007ff884dfa000 	C:\Users\aquam\.jdks\openjdk-16.0.2\bin\jimage.dll
0x00007ff887ea0000 - 0x00007ff888084000 	C:\WINDOWS\SYSTEM32\DBGHELP.DLL
0x00007ff86e920000 - 0x00007ff86e94c000 	C:\WINDOWS\SYSTEM32\dbgcore.DLL
0x00007ff889b60000 - 0x00007ff889be3000 	C:\WINDOWS\System32\bcryptPrimitives.dll
0x00007ff884790000 - 0x00007ff88479e000 	C:\Users\aquam\.jdks\openjdk-16.0.2\bin\instrument.dll
0x00007ff8833e0000 - 0x00007ff883405000 	C:\Users\aquam\.jdks\openjdk-16.0.2\bin\java.dll
0x00007ff88aa20000 - 0x00007ff88b15f000 	C:\WINDOWS\System32\SHELL32.dll
0x00007ff887710000 - 0x00007ff887ea0000 	C:\WINDOWS\SYSTEM32\windows.storage.dll
0x00007ff88bdc0000 - 0x00007ff88c115000 	C:\WINDOWS\System32\combase.dll
0x00007ff889310000 - 0x00007ff88933e000 	C:\WINDOWS\SYSTEM32\Wldp.dll
0x00007ff88c120000 - 0x00007ff88c1cd000 	C:\WINDOWS\System32\SHCORE.dll
0x00007ff88a740000 - 0x00007ff88a795000 	C:\WINDOWS\System32\shlwapi.dll
0x00007ff8898d0000 - 0x00007ff8898ef000 	C:\WINDOWS\SYSTEM32\profapi.dll
0x00007ff883320000 - 0x00007ff883338000 	C:\Users\aquam\.jdks\openjdk-16.0.2\bin\zip.dll
0x00007ff883510000 - 0x00007ff883529000 	C:\Users\aquam\.jdks\openjdk-16.0.2\bin\net.dll
0x00007ff876340000 - 0x00007ff87644c000 	C:\WINDOWS\SYSTEM32\WINHTTP.dll
0x00007ff889070000 - 0x00007ff8890da000 	C:\WINDOWS\system32\mswsock.dll
0x00007ff883340000 - 0x00007ff883353000 	C:\Users\aquam\.jdks\openjdk-16.0.2\bin\nio.dll
0x00007ff883300000 - 0x00007ff88331a000 	C:\Program Files\JetBrains\IntelliJ IDEA 2021.1.2\bin\breakgen64.dll
0x00007ff888da0000 - 0x00007ff888e6b000 	C:\WINDOWS\SYSTEM32\DNSAPI.dll
0x00007ff888d60000 - 0x00007ff888d9b000 	C:\WINDOWS\SYSTEM32\IPHLPAPI.DLL
0x00007ff88ba30000 - 0x00007ff88ba38000 	C:\WINDOWS\System32\NSI.dll
0x000000005c540000 - 0x000000005c566000 	C:\Program Files\Bonjour\mdnsNSP.dll
0x00007ff880410000 - 0x00007ff88041a000 	C:\Windows\System32\rasadhlp.dll
0x00007ff875910000 - 0x00007ff87598f000 	C:\WINDOWS\System32\fwpuclnt.dll
0x00007ff889f20000 - 0x00007ff889f47000 	C:\WINDOWS\System32\bcrypt.dll
0x00007ff8833d0000 - 0x00007ff8833d9000 	C:\Users\aquam\.jdks\openjdk-16.0.2\bin\management.dll
0x00007ff8830c0000 - 0x00007ff8830cb000 	C:\Users\aquam\.jdks\openjdk-16.0.2\bin\management_ext.dll
0x00007ff889270000 - 0x00007ff889288000 	C:\WINDOWS\SYSTEM32\CRYPTSP.dll
0x00007ff8889f0000 - 0x00007ff888a24000 	C:\WINDOWS\system32\rsaenh.dll
0x00007ff889890000 - 0x00007ff8898be000 	C:\WINDOWS\SYSTEM32\USERENV.dll
0x00007ff889260000 - 0x00007ff88926c000 	C:\WINDOWS\SYSTEM32\CRYPTBASE.dll
0x00007ff884a30000 - 0x00007ff884a47000 	C:\WINDOWS\SYSTEM32\dhcpcsvc6.DLL
0x00007ff884a10000 - 0x00007ff884a2d000 	C:\WINDOWS\SYSTEM32\dhcpcsvc.DLL
0x00007ff882480000 - 0x00007ff882497000 	C:\WINDOWS\system32\napinsp.dll
0x00007ff880ec0000 - 0x00007ff880edb000 	C:\WINDOWS\system32\pnrpnsp.dll
0x00007ff884bf0000 - 0x00007ff884c0d000 	C:\WINDOWS\system32\NLAapi.dll
0x00007ff880ea0000 - 0x00007ff880eb2000 	C:\WINDOWS\System32\winrnr.dll
0x00007ff8839e0000 - 0x00007ff8839f5000 	C:\WINDOWS\system32\wshbth.dll

dbghelp: loaded successfully - version: 4.0.5 - missing functions: none
symbol engine: initialized successfully - sym options: 0x614 - pdb path: .;C:\Users\aquam\.jdks\openjdk-16.0.2\bin;C:\WINDOWS\SYSTEM32;C:\WINDOWS\WinSxS\amd64_microsoft.windows.common-controls_6595b64144ccf1df_6.0.19041.1110_none_60b5254171f9507e;C:\Users\aquam\.jdks\openjdk-16.0.2\bin\server;C:\Program Files\JetBrains\IntelliJ IDEA 2021.1.2\bin;C:\Program Files\Bonjour

VM Arguments:
jvm_args: -XX:TieredStopAtLevel=1 -Xverify:none -Dspring.output.ansi.enabled=always -javaagent:C:\Program Files\JetBrains\IntelliJ IDEA 2021.1.2\lib\idea_rt.jar=61795:C:\Program Files\JetBrains\IntelliJ IDEA 2021.1.2\bin -Dcom.sun.management.jmxremote -Dspring.jmx.enabled=true -Dspring.liveBeansView.mbeanDomain -Dspring.application.admin.enabled=true -Dfile.encoding=UTF-8 
java_command: org.aquam.springsecurity2.SpringSecurity2Application
java_class_path (initial): C:\Users\aquam\IdeaProjects\MyProject\SpringSecurity2\target\classes;C:\Users\aquam\.m2\repository\org\springframework\boot\spring-boot-starter-data-jpa\2.5.7\spring-boot-starter-data-jpa-2.5.7.jar;C:\Users\aquam\.m2\repository\org\springframework\boot\spring-boot-starter-aop\2.5.7\spring-boot-starter-aop-2.5.7.jar;C:\Users\aquam\.m2\repository\org\aspectj\aspectjweaver\1.9.7\aspectjweaver-1.9.7.jar;C:\Users\aquam\.m2\repository\org\springframework\boot\spring-boot-starter-jdbc\2.5.7\spring-boot-starter-jdbc-2.5.7.jar;C:\Users\aquam\.m2\repository\com\zaxxer\HikariCP\4.0.3\HikariCP-4.0.3.jar;C:\Users\aquam\.m2\repository\org\springframework\spring-jdbc\5.3.13\spring-jdbc-5.3.13.jar;C:\Users\aquam\.m2\repository\jakarta\transaction\jakarta.transaction-api\1.3.3\jakarta.transaction-api-1.3.3.jar;C:\Users\aquam\.m2\repository\jakarta\persistence\jakarta.persistence-api\2.2.3\jakarta.persistence-api-2.2.3.jar;C:\Users\aquam\.m2\repository\org\hibernate\hibernate-core\5.4.32.Final\hibernate-core-5.4.32.Final.jar;C:\Users\aquam\.m2\repository\org\jboss\logging\jboss-logging\3.4.2.Final\jboss-logging-3.4.2.Final.jar;C:\Users\aquam\.m2\repository\org\javassist\javassist\3.27.0-GA\javassist-3.27.0-GA.jar;C:\Users\aquam\.m2\repository\net\bytebuddy\byte-buddy\1.10.22\byte-buddy-1.10.22.jar;C:\Users\aquam\.m2\repository\antlr\antlr\2.7.7\antlr-2.7.7.jar;C:\Users\aquam\.m2\repository\org\jboss\jandex\2.2.3.Final\jandex-2.2.3.Final.jar;C:\Users\aquam\.m2\repository\com\fasterxml\classmate\1.5.1\classmate-1.5.1.jar;C:\Users\aquam\.m2\repository\org\dom4j\dom4j\2.1.3\dom4j-2.1.3.jar;C:\Users\aquam\.m2\repository\org\hibernate\common\hibernate-commons-annotations\5.1.2.Final\hibernate-commons-annotations-5.1.2.Final.jar;C:\Users\aquam\.m2\repository\org\glassfish\jaxb\jaxb-runtime\2.3.5\jaxb-runtime-2.3.5.jar;C:\Users\aquam\.m2\repository\org\glassfish\jaxb\txw2\2.3.5\txw2-2.3.5.jar;C:\Users\aquam\.m2\repository\com\sun\istack\istack-commons-runtime\3.0
Launcher Type: SUN_STANDARD

[Global flags]
     intx CICompilerCount                          = 4                                         {product} {ergonomic}
     uint ConcGCThreads                            = 2                                         {product} {ergonomic}
     uint G1ConcRefinementThreads                  = 8                                         {product} {ergonomic}
   size_t G1HeapRegionSize                         = 1048576                                   {product} {ergonomic}
    uintx GCDrainStackTargetSize                   = 64                                        {product} {ergonomic}
   size_t InitialHeapSize                          = 134217728                                 {product} {ergonomic}
     bool ManagementServer                         = true                                      {product} {command line}
   size_t MarkStackSize                            = 4194304                                   {product} {ergonomic}
   size_t MaxHeapSize                              = 2120220672                                {product} {ergonomic}
   size_t MaxNewSize                               = 1271922688                                {product} {ergonomic}
   size_t MinHeapDeltaBytes                        = 1048576                                   {product} {ergonomic}
   size_t MinHeapSize                              = 8388608                                   {product} {ergonomic}
    uintx NonNMethodCodeHeapSize                   = 7549744                                {pd product} {ergonomic}
    uintx NonProfiledCodeHeapSize                  = 244108496                              {pd product} {ergonomic}
    uintx ProfiledCodeHeapSize                     = 0                                      {pd product} {ergonomic}
    uintx ReservedCodeCacheSize                    = 251658240                              {pd product} {ergonomic}
     bool SegmentedCodeCache                       = true                                      {product} {ergonomic}
   size_t SoftMaxHeapSize                          = 2120220672                             {manageable} {ergonomic}
     intx TieredStopAtLevel                        = 1                                         {product} {command line}
     bool UseCompressedClassPointers               = true                           {product lp64_product} {ergonomic}
     bool UseCompressedOops                        = true                           {product lp64_product} {ergonomic}
     bool UseG1GC                                  = true                                      {product} {ergonomic}
     bool UseLargePagesIndividualAllocation        = false                                  {pd product} {ergonomic}

Logging:
Log output configuration:
 #0: stdout all=warning uptime,level,tags
 #1: stderr all=off uptime,level,tags

Environment Variables:
JAVA_HOME=C:\Program Files\AdoptOpenJDK\jdk-11.0.11.9-hotspot\
PATH=C:\Program Files\AdoptOpenJDK\jdk-11.0.11.9-hotspot\bin;C:\Program Files (x86)\Intel\Intel(R) Management Engine Components\iCLS\;C:\Program Files\Intel\Intel(R) Management Engine Components\iCLS\;C:\WINDOWS\system32;C:\WINDOWS;C:\WINDOWS\System32\Wbem;C:\WINDOWS\System32\WindowsPowerShell\v1.0\;C:\WINDOWS\System32\OpenSSH\;C:\Program Files\Intel\WiFi\bin\;C:\Program Files\Common Files\Intel\WirelessCommon\;C:\Program Files (x86)\Intel\Intel(R) Management Engine Components\DAL;C:\Program Files\Intel\Intel(R) Management Engine Components\DAL;C:\Program Files (x86)\Intel\Intel(R) Management Engine Components\IPT;C:\Program Files\Intel\Intel(R) Management Engine Components\IPT;C:\Program Files\dotnet\;C:\Program Files\Git\cmd;D:\JavaDependencies\apache-maven-3.8.3\bin;C:\Program Files (x86)\Rational\common;C:\Users\aquam\AppData\Local\Microsoft\WindowsApps;C:\Program Files\JetBrains\IntelliJ IDEA 2021.1.2\bin;;C:\Program Files\JetBrains\PyCharm 2021.1.2\bin;;C:\Program Files\JetBrains\CLion 2021.1.2\bin;;C:\Program Files\JetBrains\WebStorm 2021.1.2\bin;;C:\Users\aquam\.dotnet\tools;C:\Program Files\PostgreSQL\14\bin;C:\Program Files\PostgreSQL\14\lib;
USERNAME=aquam
OS=Windows_NT
PROCESSOR_IDENTIFIER=Intel64 Family 6 Model 142 Stepping 10, GenuineIntel



---------------  S Y S T E M  ---------------

OS:
 Windows 10 , 64 bit Build 19041 (10.0.19041.1348)
OS uptime: 0 days 15:40 hours

CPU: total 8 (initial active 8) (4 cores per cpu, 2 threads per core) family 6 model 142 stepping 10 microcode 0xea, cx8, cmov, fxsr, ht, mmx, 3dnowpref, sse, sse2, sse3, ssse3, sse4.1, sse4.2, popcnt, lzcnt, tsc, tscinvbit, avx, avx2, aes, erms, clmul, bmi1, bmi2, adx, fma, vzeroupper, clflush, clflushopt

Memory: 4k page, system-wide physical 8083M (1102M free)
TotalPageFile size 12179M (AvailPageFile size 0M)
current process WorkingSet (physical memory assigned to process): 191M, peak: 191M
current process commit charge ("private bytes"): 232M, peak: 246M

vm_info: OpenJDK 64-Bit Server VM (16.0.2+7-67) for windows-amd64 JRE (16.0.2+7-67), built on Jun  8 2021 23:21:43 by "mach5one" with MS VC++ 16.7 (VS2019)

END.
